Build started 26-Sep-14 12:53:19 PM.
     1>Project "C:\Users\Sjoerd Nijhof\Documents\School\Jaar4\C++\Dungeons and dragons\DungeonsAndDragons\DungeonsAndDragons.vcxproj" on node 2 (Build target(s)).
     1>ClCompile:
         C:\Program Files (x86)\Microsoft Visual Studio 12.0\VC\bin\CL.exe /c /ZI /nologo /W3 /WX- /sdl /Od /Oy- /D WIN32 /D _DEBUG /D _CONSOLE /D _LIB /D _UNICODE /D UNICODE /Gm /EHsc /RTC1 /MDd /GS /fp:precise /Zc:wchar_t /Zc:forScope /Yu"stdafx.h" /Fp"Debug\DungeonsAndDragons.pch" /Fo"Debug\\" /Fd"Debug\vc120.pdb" /Gd /TP /analyze- /errorReport:prompt DungeonGenerator.cpp GameManager.cpp
         DungeonGenerator.cpp
     1>c:\users\sjoerd nijhof\documents\school\jaar4\c++\dungeons and dragons\dungeonsanddragons\dungeonparser.h(3): warning C4067: unexpected tokens following preprocessor directive - expected a newline
         Generating Code...
         Skipping... (no relevant changes detected)
         GameManager.cpp
       Link:
         C:\Program Files (x86)\Microsoft Visual Studio 12.0\VC\bin\link.exe /ERRORREPORT:PROMPT /OUT:"C:\Users\Sjoerd Nijhof\Documents\School\Jaar4\C++\Dungeons and dragons\Debug\DungeonsAndDragons.exe" /INCREMENTAL /NOLOGO kernel32.lib user32.lib gdi32.lib winspool.lib comdlg32.lib advapi32.lib shell32.lib ole32.lib oleaut32.lib uuid.lib odbc32.lib odbccp32.lib /MANIFEST /MANIFESTUAC:"level='asInvoker' uiAccess='false'" /manifest:embed /DEBUG /PDB:"C:\Users\Sjoerd Nijhof\Documents\School\Jaar4\C++\Dungeons and dragons\Debug\DungeonsAndDragons.pdb" /SUBSYSTEM:CONSOLE /TLBID:1 /DYNAMICBASE /NXCOMPAT /IMPLIB:"C:\Users\Sjoerd Nijhof\Documents\School\Jaar4\C++\Dungeons and dragons\Debug\DungeonsAndDragons.lib" /MACHINE:X86 Debug\Battle.obj
         Debug\Boss.obj
         Debug\BossRoom.obj
         Debug\Character.obj
         Debug\Chest.obj
         Debug\Dungeon.obj
         Debug\DungeonGenerator.obj
         Debug\DungeonParser.obj
         Debug\Enemy.obj
         Debug\Floor.obj
         Debug\GameManager.obj
         Debug\Item.obj
         Debug\Main.obj
         Debug\NormalRoom.obj
         Debug\Player.obj
         Debug\Room.obj
         Debug\RoomGenerator.obj
         Debug\SaveLoadParser.obj
         Debug\Staircase.obj
         Debug\stdafx.obj
         Debug\Trap.obj
         DungeonsAndDragons.vcxproj -> C:\Users\Sjoerd Nijhof\Documents\School\Jaar4\C++\Dungeons and dragons\Debug\DungeonsAndDragons.exe
     1>Done Building Project "C:\Users\Sjoerd Nijhof\Documents\School\Jaar4\C++\Dungeons and dragons\DungeonsAndDragons\DungeonsAndDragons.vcxproj" (Build target(s)).

Build succeeded.

Time Elapsed 00:00:00.33
