c:\users\sjoerd\documents\school\jaar4\c++\dungeons and dragons\dungeonsanddragons\debug\dungeonsanddragons.pch
c:\users\sjoerd\documents\school\jaar4\c++\dungeons and dragons\dungeonsanddragons\debug\vc120.pdb
c:\users\sjoerd\documents\school\jaar4\c++\dungeons and dragons\dungeonsanddragons\debug\vc120.idb
c:\users\sjoerd\documents\school\jaar4\c++\dungeons and dragons\dungeonsanddragons\debug\stdafx.obj
c:\users\sjoerd\documents\school\jaar4\c++\dungeons and dragons\dungeonsanddragons\debug\battle.obj
c:\users\sjoerd\documents\school\jaar4\c++\dungeons and dragons\dungeonsanddragons\debug\boss.obj
c:\users\sjoerd\documents\school\jaar4\c++\dungeons and dragons\dungeonsanddragons\debug\bossroom.obj
c:\users\sjoerd\documents\school\jaar4\c++\dungeons and dragons\dungeonsanddragons\debug\character.obj
c:\users\sjoerd\documents\school\jaar4\c++\dungeons and dragons\dungeonsanddragons\debug\chest.obj
c:\users\sjoerd\documents\school\jaar4\c++\dungeons and dragons\dungeonsanddragons\debug\dungeon.obj
c:\users\sjoerd\documents\school\jaar4\c++\dungeons and dragons\dungeonsanddragons\debug\dungeonparser.obj
c:\users\sjoerd\documents\school\jaar4\c++\dungeons and dragons\dungeonsanddragons\debug\enemy.obj
c:\users\sjoerd\documents\school\jaar4\c++\dungeons and dragons\dungeonsanddragons\debug\floor.obj
c:\users\sjoerd\documents\school\jaar4\c++\dungeons and dragons\dungeonsanddragons\debug\gamemanager.obj
c:\users\sjoerd\documents\school\jaar4\c++\dungeons and dragons\dungeonsanddragons\debug\item.obj
c:\users\sjoerd\documents\school\jaar4\c++\dungeons and dragons\dungeonsanddragons\debug\normalroom.obj
c:\users\sjoerd\documents\school\jaar4\c++\dungeons and dragons\dungeonsanddragons\debug\player.obj
c:\users\sjoerd\documents\school\jaar4\c++\dungeons and dragons\dungeonsanddragons\debug\room.obj
c:\users\sjoerd\documents\school\jaar4\c++\dungeons and dragons\dungeonsanddragons\debug\saveloadparser.obj
c:\users\sjoerd\documents\school\jaar4\c++\dungeons and dragons\dungeonsanddragons\debug\staircase.obj
c:\users\sjoerd\documents\school\jaar4\c++\dungeons and dragons\dungeonsanddragons\debug\trap.obj
c:\users\sjoerd\documents\school\jaar4\c++\dungeons and dragons\dungeonsanddragons\debug\dungeons.d484dbba.tlog\cl.command.1.tlog
c:\users\sjoerd\documents\school\jaar4\c++\dungeons and dragons\dungeonsanddragons\debug\dungeons.d484dbba.tlog\cl.read.1.tlog
c:\users\sjoerd\documents\school\jaar4\c++\dungeons and dragons\dungeonsanddragons\debug\dungeons.d484dbba.tlog\cl.write.1.tlog
